  Project4.cpp
c:\users\jake\documents\visual studio 2015\projects\cs2413\cs2413\project4\project4\project4.cpp(72): warning C4250: 'Vector<char>': inherits 'ArrayClass<DataType>::ArrayClass<DataType>::operator []' via dominance
          with
          [
              DataType=char
          ]
  c:\users\jake\documents\visual studio 2015\projects\cs2413\cs2413\project4\project4\project4.cpp(34): note: see declaration of 'ArrayClass<DataType>::operator []'
          with
          [
              DataType=char
          ]
  c:\users\jake\documents\visual studio 2015\projects\cs2413\cs2413\project4\project4\project4.cpp(968): note: see reference to class template instantiation 'Vector<char>' being compiled
c:\users\jake\documents\visual studio 2015\projects\cs2413\cs2413\project4\project4\project4.cpp(72): warning C4250: 'Vector<Vector<char>>': inherits 'ArrayClass<DataType>::ArrayClass<DataType>::operator []' via dominance
          with
          [
              DataType=Vector<char>
          ]
  c:\users\jake\documents\visual studio 2015\projects\cs2413\cs2413\project4\project4\project4.cpp(34): note: see declaration of 'ArrayClass<DataType>::operator []'
          with
          [
              DataType=Vector<char>
          ]
  c:\users\jake\documents\visual studio 2015\projects\cs2413\cs2413\project4\project4\project4.cpp(976): note: see reference to class template instantiation 'Vector<Vector<char>>' being compiled
c:\users\jake\documents\visual studio 2015\projects\cs2413\cs2413\project4\project4\project4.cpp(72): warning C4250: 'Vector<CellNode<FirstDT,SecondDT>>': inherits 'ArrayClass<DataType>::ArrayClass<DataType>::operator []' via dominance
          with
          [
              FirstDT=Vector<char>,
              SecondDT=int
          ]
          and
          [
              DataType=CellNode<Vector<char>,int>
          ]
          and
          [
              DataType=CellNode<Vector<char>,int>
          ]
  c:\users\jake\documents\visual studio 2015\projects\cs2413\cs2413\project4\project4\project4.cpp(34): note: see declaration of 'ArrayClass<DataType>::operator []'
          with
          [
              DataType=CellNode<Vector<char>,int>
          ]
  c:\users\jake\documents\visual studio 2015\projects\cs2413\cs2413\project4\project4\project4.cpp(413): note: see reference to class template instantiation 'Vector<CellNode<FirstDT,SecondDT>>' being compiled
          with
          [
              FirstDT=Vector<char>,
              SecondDT=int
          ]
  c:\users\jake\documents\visual studio 2015\projects\cs2413\cs2413\project4\project4\project4.cpp(978): note: see reference to class template instantiation 'MasterCell<Vector<char>,int>' being compiled
c:\users\jake\documents\visual studio 2015\projects\cs2413\cs2413\project4\project4\project4.cpp(72): warning C4250: 'Vector<int>': inherits 'ArrayClass<DataType>::ArrayClass<DataType>::operator []' via dominance
          with
          [
              DataType=int
          ]
  c:\users\jake\documents\visual studio 2015\projects\cs2413\cs2413\project4\project4\project4.cpp(34): note: see declaration of 'ArrayClass<DataType>::operator []'
          with
          [
              DataType=int
          ]
  c:\users\jake\documents\visual studio 2015\projects\cs2413\cs2413\project4\project4\project4.cpp(1028): note: see reference to class template instantiation 'Vector<int>' being compiled
c:\users\jake\documents\visual studio 2015\projects\cs2413\cs2413\project4\project4\project4.cpp(969): warning C4101: 'intInfo': unreferenced local variable
c:\users\jake\documents\visual studio 2015\projects\cs2413\cs2413\project4\project4\project4.cpp(514): warning C4715: 'Cell<int>::info': not all control paths return a value
c:\users\jake\documents\visual studio 2015\projects\cs2413\cs2413\project4\project4\project4.cpp(594): warning C4715: 'Cell<int>::infoAt': not all control paths return a value
c:\users\jake\documents\visual studio 2015\projects\cs2413\cs2413\project4\project4\project4.cpp(556): warning C4715: 'Cell<int>::setNext': not all control paths return a value
c:\users\jake\documents\visual studio 2015\projects\cs2413\cs2413\project4\project4\project4.cpp(615): warning C4715: 'Cell<int>::remove': not all control paths return a value
c:\users\jake\documents\visual studio 2015\projects\cs2413\cs2413\project4\project4\project4.cpp(628): warning C4715: 'Cell<int>::removeAt': not all control paths return a value
c:\users\jake\documents\visual studio 2015\projects\cs2413\cs2413\project4\project4\project4.cpp(340): warning C4715: 'LLEnumerator<int>::nextElement': not all control paths return a value
c:\users\jake\documents\visual studio 2015\projects\cs2413\cs2413\project4\project4\project4.cpp(705): warning C4715: 'CellNode<Vector<char>,int>::returnMyInfo': not all control paths return a value
c:\users\jake\documents\visual studio 2015\projects\cs2413\cs2413\project4\project4\project4.cpp(699): warning C4715: 'CellNode<Vector<char>,int>::returnMyCell': not all control paths return a value
  Project4.vcxproj -> C:\Users\Jake\Documents\Visual Studio 2015\Projects\cs2413\cs2413\Project4\Debug\Project4.exe
