  Project2.cpp
c:\users\jake\documents\visual studio 2015\projects\cs2413\cs2413\project2\project2\project2.cpp(62): warning C4250: 'Vector<char>': inherits 'ArrayClass<DataType>::ArrayClass<DataType>::operator []' via dominance
          with
          [
              DataType=char
          ]
  c:\users\jake\documents\visual studio 2015\projects\cs2413\cs2413\project2\project2\project2.cpp(30): note: see declaration of 'ArrayClass<DataType>::operator []'
          with
          [
              DataType=char
          ]
  c:\users\jake\documents\visual studio 2015\projects\cs2413\cs2413\project2\project2\project2.cpp(287): note: see reference to class template instantiation 'Vector<char>' being compiled
c:\users\jake\documents\visual studio 2015\projects\cs2413\cs2413\project2\project2\project2.cpp(289): warning C4101: 'memory': unreferenced local variable
c:\users\jake\documents\visual studio 2015\projects\cs2413\cs2413\project2\project2\project2.cpp(297): warning C4101: 'memory': unreferenced local variable
c:\users\jake\documents\visual studio 2015\projects\cs2413\cs2413\project2\project2\project2.cpp(305): warning C4101: 'memory': unreferenced local variable
c:\users\jake\documents\visual studio 2015\projects\cs2413\cs2413\project2\project2\project2.cpp(318): warning C4101: 'memory': unreferenced local variable
c:\users\jake\documents\visual studio 2015\projects\cs2413\cs2413\project2\project2\project2.cpp(333): warning C4101: 'memory': unreferenced local variable
c:\users\jake\documents\visual studio 2015\projects\cs2413\cs2413\project2\project2\project2.cpp(343): warning C4101: 'bounds': unreferenced local variable
c:\users\jake\documents\visual studio 2015\projects\cs2413\cs2413\project2\project2\project2.cpp(62): warning C4250: 'Vector<webAddressInfo>': inherits 'ArrayClass<DataType>::ArrayClass<DataType>::operator []' via dominance
          with
          [
              DataType=webAddressInfo
          ]
  c:\users\jake\documents\visual studio 2015\projects\cs2413\cs2413\project2\project2\project2.cpp(30): note: see declaration of 'ArrayClass<DataType>::operator []'
          with
          [
              DataType=webAddressInfo
          ]
  c:\users\jake\documents\visual studio 2015\projects\cs2413\cs2413\project2\project2\project2.cpp(353): note: see reference to class template instantiation 'Vector<webAddressInfo>' being compiled
c:\users\jake\documents\visual studio 2015\projects\cs2413\cs2413\project2\project2\project2.cpp(355): warning C4101: 'memory': unreferenced local variable
c:\users\jake\documents\visual studio 2015\projects\cs2413\cs2413\project2\project2\project2.cpp(365): warning C4101: 'memory': unreferenced local variable
c:\users\jake\documents\visual studio 2015\projects\cs2413\cs2413\project2\project2\project2.cpp(412): warning C4101: 'arrayException': unreferenced local variable
c:\users\jake\documents\visual studio 2015\projects\cs2413\cs2413\project2\project2\project2.cpp(62): warning C4250: 'Vector<browserTab>': inherits 'ArrayClass<DataType>::ArrayClass<DataType>::operator []' via dominance
          with
          [
              DataType=browserTab
          ]
  c:\users\jake\documents\visual studio 2015\projects\cs2413\cs2413\project2\project2\project2.cpp(30): note: see declaration of 'ArrayClass<DataType>::operator []'
          with
          [
              DataType=browserTab
          ]
  c:\users\jake\documents\visual studio 2015\projects\cs2413\cs2413\project2\project2\project2.cpp(440): note: see reference to class template instantiation 'Vector<browserTab>' being compiled
c:\users\jake\documents\visual studio 2015\projects\cs2413\cs2413\project2\project2\project2.cpp(480): warning C4101: 'bounds': unreferenced local variable
c:\users\jake\documents\visual studio 2015\projects\cs2413\cs2413\project2\project2\project2.cpp(501): warning C4101: 'bounds': unreferenced local variable
c:\users\jake\documents\visual studio 2015\projects\cs2413\cs2413\project2\project2\project2.cpp(541): warning C4101: 'outOfBounds': unreferenced local variable
c:\users\jake\documents\visual studio 2015\projects\cs2413\cs2413\project2\project2\project2.cpp(560): warning C4101: 'bounds': unreferenced local variable
c:\users\jake\documents\visual studio 2015\projects\cs2413\cs2413\project2\project2\project2.cpp(570): warning C4101: 'incorrect': unreferenced local variable
  Project2.vcxproj -> C:\Users\Jake\Documents\Visual Studio 2015\Projects\cs2413\cs2413\Project2\Debug\Project2.exe
